<?xml version="1.0" encoding="UTF-8"?>
<testsuite xmlns:xsi="http://www.w3.org/2001/XMLSchema-instance" xsi:noNamespaceSchemaLocation="https://maven.apache.org/surefire/maven-surefire-plugin/xsd/surefire-test-report-3.0.xsd" version="3.0" name="TestSuite" time="0.53" tests="2" errors="0" skipped="0" failures="0">
  <properties>
    <property name="awt.toolkit" value="sun.lwawt.macosx.LWCToolkit"/>
    <property name="java.specification.version" value="12"/>
    <property name="sun.jnu.encoding" value="UTF-8"/>
    <property name="java.class.path" value="/Users/zhouwenqiu/eclipse-workspace/testAllInOne/target/test-classes:/Users/zhouwenqiu/eclipse-workspace/testAllInOne/target/classes:/Users/zhouwenqiu/.m2/repository/org/testng/testng/7.0.0/testng-7.0.0.jar:/Users/zhouwenqiu/.m2/repository/com/beust/jcommander/1.72/jcommander-1.72.jar:/Users/zhouwenqiu/.m2/repository/org/apache/httpcomponents/httpclient/4.5.13/httpclient-4.5.13.jar:/Users/zhouwenqiu/.m2/repository/org/apache/httpcomponents/httpcore/4.4.13/httpcore-4.4.13.jar:/Users/zhouwenqiu/.m2/repository/commons-logging/commons-logging/1.2/commons-logging-1.2.jar:/Users/zhouwenqiu/.m2/repository/commons-codec/commons-codec/1.11/commons-codec-1.11.jar:/Users/zhouwenqiu/.m2/repository/org/json/json/20210307/json-20210307.jar:"/>
    <property name="java.vm.vendor" value="AdoptOpenJDK"/>
    <property name="sun.arch.data.model" value="64"/>
    <property name="java.vendor.url" value="https://adoptopenjdk.net/"/>
    <property name="user.timezone" value="America/New_York"/>
    <property name="os.name" value="Mac OS X"/>
    <property name="java.vm.specification.version" value="12"/>
    <property name="sun.java.launcher" value="SUN_STANDARD"/>
    <property name="user.country" value="US"/>
    <property name="sun.boot.library.path" value="/Library/Java/JavaVirtualMachines/adoptopenjdk-12.jdk/Contents/Home/lib"/>
    <property name="sun.java.command" value="/Users/zhouwenqiu/eclipse-workspace/testAllInOne/target/surefire/surefirebooter4376896935062533048.jar /Users/zhouwenqiu/eclipse-workspace/testAllInOne/target/surefire 2021-10-24T22-03-40_222-jvmRun1 surefire10837275959536609537tmp surefire_011690141449371441667tmp"/>
    <property name="http.nonProxyHosts" value="local|*.local|169.254/16|*.169.254/16"/>
    <property name="jdk.debug" value="release"/>
    <property name="surefire.test.class.path" value="/Users/zhouwenqiu/eclipse-workspace/testAllInOne/target/test-classes:/Users/zhouwenqiu/eclipse-workspace/testAllInOne/target/classes:/Users/zhouwenqiu/.m2/repository/org/testng/testng/7.0.0/testng-7.0.0.jar:/Users/zhouwenqiu/.m2/repository/com/beust/jcommander/1.72/jcommander-1.72.jar:/Users/zhouwenqiu/.m2/repository/org/apache/httpcomponents/httpclient/4.5.13/httpclient-4.5.13.jar:/Users/zhouwenqiu/.m2/repository/org/apache/httpcomponents/httpcore/4.4.13/httpcore-4.4.13.jar:/Users/zhouwenqiu/.m2/repository/commons-logging/commons-logging/1.2/commons-logging-1.2.jar:/Users/zhouwenqiu/.m2/repository/commons-codec/commons-codec/1.11/commons-codec-1.11.jar:/Users/zhouwenqiu/.m2/repository/org/json/json/20210307/json-20210307.jar:"/>
    <property name="sun.cpu.endian" value="little"/>
    <property name="user.home" value="/Users/zhouwenqiu"/>
    <property name="user.language" value="en"/>
    <property name="java.specification.vendor" value="Oracle Corporation"/>
    <property name="java.version.date" value="2019-07-16"/>
    <property name="java.home" value="/Library/Java/JavaVirtualMachines/adoptopenjdk-12.jdk/Contents/Home"/>
    <property name="file.separator" value="/"/>
    <property name="basedir" value="/Users/zhouwenqiu/eclipse-workspace/testAllInOne"/>
    <property name="java.vm.compressedOopsMode" value="Zero based"/>
    <property name="line.separator" value="&#10;"/>
    <property name="java.vm.specification.vendor" value="Oracle Corporation"/>
    <property name="java.specification.name" value="Java Platform API Specification"/>
    <property name="java.awt.graphicsenv" value="sun.awt.CGraphicsEnvironment"/>
    <property name="surefire.real.class.path" value="/Users/zhouwenqiu/eclipse-workspace/testAllInOne/target/surefire/surefirebooter4376896935062533048.jar"/>
    <property name="sun.management.compiler" value="HotSpot 64-Bit Tiered Compilers"/>
    <property name="ftp.nonProxyHosts" value="local|*.local|169.254/16|*.169.254/16"/>
    <property name="java.runtime.version" value="12.0.2+10"/>
    <property name="user.name" value="zhouwenqiu"/>
    <property name="path.separator" value=":"/>
    <property name="os.version" value="10.15.7"/>
    <property name="java.runtime.name" value="OpenJDK Runtime Environment"/>
    <property name="file.encoding" value="UTF-8"/>
    <property name="java.vm.name" value="OpenJDK 64-Bit Server VM"/>
    <property name="java.vendor.version" value="AdoptOpenJDK"/>
    <property name="localRepository" value="/Users/zhouwenqiu/.m2/repository"/>
    <property name="java.vendor.url.bug" value="https://github.com/AdoptOpenJDK/openjdk-build/issues"/>
    <property name="java.io.tmpdir" value="/var/folders/86/4s5sr_b952x895hchr00_3d80000gn/T/"/>
    <property name="java.version" value="12.0.2"/>
    <property name="user.dir" value="/Users/zhouwenqiu/eclipse-workspace/testAllInOne"/>
    <property name="os.arch" value="x86_64"/>
    <property name="java.vm.specification.name" value="Java Virtual Machine Specification"/>
    <property name="java.library.path" value="/Users/zhouwenqiu/Library/Java/Extensions:/Library/Java/Extensions:/Network/Library/Java/Extensions:/System/Library/Java/Extensions:/usr/lib/java:."/>
    <property name="java.vm.info" value="mixed mode"/>
    <property name="java.vendor" value="AdoptOpenJDK"/>
    <property name="java.vm.version" value="12.0.2+10"/>
    <property name="sun.io.unicode.encoding" value="UnicodeBig"/>
    <property name="socksNonProxyHosts" value="local|*.local|169.254/16|*.169.254/16"/>
    <property name="java.class.version" value="56.0"/>
  </properties>
  <testcase name="test_case1" classname="testsuite.Test_VideoGame" time="0.009">
    <system-out><![CDATA[Class Test_VideoGame:test_case1
]]></system-out>
  </testcase>
  <testcase name="test_case2" classname="testsuite.Test_VideoGame" time="0.001">
    <system-out><![CDATA[Class Test_VideoGame:test_case2
]]></system-out>
  </testcase>
</testsuite>