<?xml version="1.0" encoding="UTF-8"?>
<!-- Generated by org.testng.reporters.JUnitReportReporter -->
<testsuite hostname="zhouwenqiudeMacBook-Pro.local" failures="0" tests="2" name="testsuite.TestGetBaidu" time="1.585" errors="0" timestamp="2021-10-06T11:59:00 EDT" skipped="0">
  <testcase classname="testsuite.TestGetBaidu" name="testGetCookies" time="1.563"/>
  <testcase classname="testsuite.TestGetBaidu" name="testPostMethod" time="0.022"/>
</testsuite> <!-- testsuite.TestGetBaidu -->
