<?xml version="1.0" encoding="UTF-8"?>
<!-- Generated by org.testng.reporters.JUnitReportReporter -->
<testsuite hostname="zhouwenqiudeMacBook-Pro.local" failures="0" tests="1" name="package_test_2.Test_laugh" time="0.009" errors="0" timestamp="2021-10-13T15:04:02 EDT" skipped="0">
  <testcase classname="package_test_2.Test_laugh" name="f" time="0.009"/>
</testsuite> <!-- package_test_2.Test_laugh -->
