<?xml version="1.0" encoding="UTF-8"?>
<!-- Generated by org.testng.reporters.JUnitReportReporter -->
<testsuite hostname="zhouwenqiudeMacBook-Pro.local" failures="0" tests="2" name="testsuite.Test_VideoGame" time="0.008" errors="0" timestamp="2021-10-13T19:49:37 EDT" skipped="0">
  <testcase classname="testsuite.Test_VideoGame" name="test_case2" time="0.000"/>
  <testcase classname="testsuite.Test_VideoGame" name="test_case1" time="0.008"/>
</testsuite> <!-- testsuite.Test_VideoGame -->
